[0m[1mmodule.azuread-remove-password["4"].azuread_application.application: Refreshing state... [id=/applications/4bbad115-6561-44e9-a2c6-ff6b23ee9902][0m
[0m[1mmodule.azuread-remove-password["4"].azuread_application_password.application_password: Refreshing state... [id=4bbad115-6561-44e9-a2c6-ff6b23ee9902/password/93bc9615-11ea-4dfc-868f-8da81644e3f9][0m

Terraform used the selected providers to generate the following execution
plan. Resource actions are indicated with the following symbols:
  [31m-[0m destroy[0m

Terraform will perform the following actions:

[1m  # module.azuread-remove-password["4"].azuread_application.application[0m will be [1m[31mdestroyed[0m
[0m  [31m-[0m[0m resource "azuread_application" "application" {
      [31m-[0m[0m app_role_ids                   = {} [90m-> null[0m[0m
      [31m-[0m[0m client_id                      = "701ace97-2dfe-4e10-9714-82576621b7a8" [90m-> null[0m[0m
      [31m-[0m[0m device_only_auth_enabled       = false [90m-> null[0m[0m
      [31m-[0m[0m display_name                   = "sp-4" [90m-> null[0m[0m
      [31m-[0m[0m fallback_public_client_enabled = false [90m-> null[0m[0m
      [31m-[0m[0m group_membership_claims        = [] [90m-> null[0m[0m
      [31m-[0m[0m id                             = "/applications/4bbad115-6561-44e9-a2c6-ff6b23ee9902" [90m-> null[0m[0m
      [31m-[0m[0m identifier_uris                = [] [90m-> null[0m[0m
      [31m-[0m[0m oauth2_permission_scope_ids    = {} [90m-> null[0m[0m
      [31m-[0m[0m oauth2_post_response_required  = false [90m-> null[0m[0m
      [31m-[0m[0m object_id                      = "4bbad115-6561-44e9-a2c6-ff6b23ee9902" [90m-> null[0m[0m
      [31m-[0m[0m owners                         = [
          [31m-[0m[0m "0eca5427-e473-4a4a-84f4-16ad0fc5b437",
        ] [90m-> null[0m[0m
      [31m-[0m[0m prevent_duplicate_names        = false [90m-> null[0m[0m
      [31m-[0m[0m publisher_domain               = "TomTomInternational.onmicrosoft.com" [90m-> null[0m[0m
      [31m-[0m[0m sign_in_audience               = "AzureADMyOrg" [90m-> null[0m[0m
      [31m-[0m[0m tags                           = [] [90m-> null[0m[0m
        [90m# (11 unchanged attributes hidden)[0m[0m

      [31m-[0m[0m api {
          [31m-[0m[0m known_client_applications      = [] [90m-> null[0m[0m
          [31m-[0m[0m mapped_claims_enabled          = false [90m-> null[0m[0m
          [31m-[0m[0m requested_access_token_version = 1 [90m-> null[0m[0m
        }

      [31m-[0m[0m feature_tags {
          [31m-[0m[0m custom_single_sign_on = false [90m-> null[0m[0m
          [31m-[0m[0m enterprise            = false [90m-> null[0m[0m
          [31m-[0m[0m gallery               = false [90m-> null[0m[0m
          [31m-[0m[0m hide                  = false [90m-> null[0m[0m
        }

      [31m-[0m[0m optional_claims {
        }

      [31m-[0m[0m public_client {
          [31m-[0m[0m redirect_uris = [] [90m-> null[0m[0m
        }

      [31m-[0m[0m single_page_application {
          [31m-[0m[0m redirect_uris = [] [90m-> null[0m[0m
        }

      [31m-[0m[0m web {
          [31m-[0m[0m redirect_uris = [] [90m-> null[0m[0m
            [90m# (2 unchanged attributes hidden)[0m[0m

          [31m-[0m[0m implicit_grant {
              [31m-[0m[0m access_token_issuance_enabled = false [90m-> null[0m[0m
              [31m-[0m[0m id_token_issuance_enabled     = false [90m-> null[0m[0m
            }
        }
    }

[1m  # module.azuread-remove-password["4"].azuread_application_password.application_password[0m will be [1m[31mdestroyed[0m
[0m  [31m-[0m[0m resource "azuread_application_password" "application_password" {
      [31m-[0m[0m application_id = "/applications/4bbad115-6561-44e9-a2c6-ff6b23ee9902" [90m-> null[0m[0m
      [31m-[0m[0m display_name   = "remove-me" [90m-> null[0m[0m
      [31m-[0m[0m end_date       = "2026-11-29T20:16:07.6412548Z" [90m-> null[0m[0m
      [31m-[0m[0m id             = "4bbad115-6561-44e9-a2c6-ff6b23ee9902/password/93bc9615-11ea-4dfc-868f-8da81644e3f9" [90m-> null[0m[0m
      [31m-[0m[0m key_id         = "93bc9615-11ea-4dfc-868f-8da81644e3f9" [90m-> null[0m[0m
      [31m-[0m[0m start_date     = "2024-11-29T20:16:07.6412548Z" [90m-> null[0m[0m
      [31m-[0m[0m value          = (sensitive value) [90m-> null[0m[0m
    }

[1mPlan:[0m 0 to add, 0 to change, 2 to destroy.
[0m[0m[1mmodule.azuread-remove-password["4"].azuread_application_password.application_password: Destroying... [id=4bbad115-6561-44e9-a2c6-ff6b23ee9902/password/93bc9615-11ea-4dfc-868f-8da81644e3f9][0m[0m
[0m[1mmodule.azuread-remove-password["4"].azuread_application_password.application_password: Still destroying... [id=4bbad115-6561-44e9-a2c6-ff6b23ee9902/pa...d/93bc9615-11ea-4dfc-868f-8da81644e3f9, 10s elapsed][0m[0m
[0m[1mmodule.azuread-remove-password["4"].azuread_application_password.application_password: Still destroying... [id=4bbad115-6561-44e9-a2c6-ff6b23ee9902/pa...d/93bc9615-11ea-4dfc-868f-8da81644e3f9, 20s elapsed][0m[0m
[0m[1mmodule.azuread-remove-password["4"].azuread_application_password.application_password: Destruction complete after 20s[0m
[0m[1mmodule.azuread-remove-password["4"].azuread_application.application: Destroying... [id=/applications/4bbad115-6561-44e9-a2c6-ff6b23ee9902][0m[0m
[0m[1mmodule.azuread-remove-password["4"].azuread_application.application: Still destroying... [id=/applications/4bbad115-6561-44e9-a2c6-ff6b23ee9902, 10s elapsed][0m[0m
[0m[1mmodule.azuread-remove-password["4"].azuread_application.application: Still destroying... [id=/applications/4bbad115-6561-44e9-a2c6-ff6b23ee9902, 20s elapsed][0m[0m
[0m[1mmodule.azuread-remove-password["4"].azuread_application.application: Destruction complete after 21s[0m
[0m[1m[32m
Destroy complete! Resources: 2 destroyed.
[0m
